This file contains any messages produced by compilers while
running configure, to aid debugging if configure makes a mistake.

It was created by Progel configure 0.1, which was
generated by GNU Autoconf 2.69.  Invocation command line was

  $ ./configure 

## --------- ##
## Platform. ##
## --------- ##

hostname = pallavi-Inspiron-7520
uname -m = x86_64
uname -r = 4.13.0-21-generic
uname -s = Linux
uname -v = #24-Ubuntu SMP Mon Dec 18 17:29:16 UTC 2017

/usr/bin/uname -p = unknown
/bin/uname -X     = unknown

/bin/arch              = unknown
/usr/bin/arch -k       = unknown
/usr/convex/getsysinfo = unknown
/usr/bin/hostinfo      = unknown
/bin/machine           = unknown
/usr/bin/oslevel       = unknown
/bin/universe          = unknown

PATH: /usr/local/sbin
PATH: /usr/local/bin
PATH: /usr/sbin
PATH: /usr/bin
PATH: /sbin
PATH: /bin
PATH: /usr/games
PATH: /usr/local/games
PATH: /snap/bin
PATH: /home/pallavi/Documents/softwares/jdk-8u151-linux-x64/jdk1.8.0_151/bin
PATH: /home/pallavi/Documents/softwares/jdk-8u151-linux-x64/jdk1.8.0_151/bin


## ----------- ##
## Core tests. ##
## ----------- ##

configure:2191: checking for a BSD-compatible install
configure:2259: result: /usr/bin/install -c
configure:2270: checking whether build environment is sane
configure:2325: result: yes
configure:2476: checking for a thread-safe mkdir -p
configure:2515: result: /bin/mkdir -p
configure:2522: checking for gawk
configure:2552: result: no
configure:2522: checking for mawk
configure:2538: found /usr/bin/mawk
configure:2549: result: mawk
configure:2560: checking whether make sets $(MAKE)
configure:2582: result: yes
configure:2611: checking whether make supports nested variables
configure:2628: result: yes
configure:2816: checking for g++
configure:2832: found /usr/bin/g++
configure:2843: result: g++
configure:2870: checking for C++ compiler version
configure:2879: g++ --version >&5
g++ (Ubuntu 7.2.0-8ubuntu3) 7.2.0
Copyright (C) 2017 Free Software Foundation, Inc.
This is free software; see the source for copying conditions.  There is NO
warranty; not even for MERCHANTABILITY or FITNESS FOR A PARTICULAR PURPOSE.

configure:2890: $? = 0
configure:2879: g++ -v >&5
Using built-in specs.
COLLECT_GCC=g++
COLLECT_LTO_WRAPPER=/usr/lib/gcc/x86_64-linux-gnu/7/lto-wrapper
OFFLOAD_TARGET_NAMES=nvptx-none
OFFLOAD_TARGET_DEFAULT=1
Target: x86_64-linux-gnu
Configured with: ../src/configure -v --with-pkgversion='Ubuntu 7.2.0-8ubuntu3' --with-bugurl=file:///usr/share/doc/gcc-7/README.Bugs --enable-languages=c,ada,c++,go,brig,d,fortran,objc,obj-c++ --prefix=/usr --with-gcc-major-version-only --program-suffix=-7 --program-prefix=x86_64-linux-gnu- --enable-shared --enable-linker-build-id --libexecdir=/usr/lib --without-included-gettext --enable-threads=posix --libdir=/usr/lib --enable-nls --with-sysroot=/ --enable-clocale=gnu --enable-libstdcxx-debug --enable-libstdcxx-time=yes --with-default-libstdcxx-abi=new --enable-gnu-unique-object --disable-vtable-verify --enable-libmpx --enable-plugin --enable-default-pie --with-system-zlib --with-target-system-zlib --enable-objc-gc=auto --enable-multiarch --disable-werror --with-arch-32=i686 --with-abi=m64 --with-multilib-list=m32,m64,mx32 --enable-multilib --with-tune=generic --enable-offload-targets=nvptx-none --without-cuda-driver --enable-checking=release --build=x86_64-linux-gnu --host=x86_64-linux-gnu --target=x86_64-linux-gnu
Thread model: posix
gcc version 7.2.0 (Ubuntu 7.2.0-8ubuntu3) 
configure:2890: $? = 0
configure:2879: g++ -V >&5
g++: error: unrecognized command line option '-V'
g++: fatal error: no input files
compilation terminated.
configure:2890: $? = 1
configure:2879: g++ -qversion >&5
g++: error: unrecognized command line option '-qversion'; did you mean '--version'?
g++: fatal error: no input files
compilation terminated.
configure:2890: $? = 1
configure:2910: checking whether the C++ compiler works
configure:2932: g++    conftest.cpp  >&5
configure:2936: $? = 0
configure:2984: result: yes
configure:2987: checking for C++ compiler default output file name
configure:2989: result: a.out
configure:2995: checking for suffix of executables
configure:3002: g++ -o conftest    conftest.cpp  >&5
configure:3006: $? = 0
configure:3028: result: 
configure:3050: checking whether we are cross compiling
configure:3058: g++ -o conftest    conftest.cpp  >&5
configure:3062: $? = 0
configure:3069: ./conftest
configure:3073: $? = 0
configure:3088: result: no
configure:3093: checking for suffix of object files
configure:3115: g++ -c   conftest.cpp >&5
configure:3119: $? = 0
configure:3140: result: o
configure:3144: checking whether we are using the GNU C++ compiler
configure:3163: g++ -c   conftest.cpp >&5
configure:3163: $? = 0
configure:3172: result: yes
configure:3181: checking whether g++ accepts -g
configure:3201: g++ -c -g  conftest.cpp >&5
configure:3201: $? = 0
configure:3242: result: yes
configure:3276: checking for style of include used by make
configure:3304: result: GNU
configure:3330: checking dependency style of g++
configure:3441: result: gcc3
configure:3510: checking for gcc
configure:3526: found /usr/bin/gcc
configure:3537: result: gcc
configure:3568: checking for C compiler version
configure:3577: gcc --version >&5
gcc (Ubuntu 7.2.0-8ubuntu3) 7.2.0
Copyright (C) 2017 Free Software Foundation, Inc.
This is free software; see the source for copying conditions.  There is NO
warranty; not even for MERCHANTABILITY or FITNESS FOR A PARTICULAR PURPOSE.

configure:3588: $? = 0
configure:3577: gcc -v >&5
Using built-in specs.
COLLECT_GCC=gcc
COLLECT_LTO_WRAPPER=/usr/lib/gcc/x86_64-linux-gnu/7/lto-wrapper
OFFLOAD_TARGET_NAMES=nvptx-none
OFFLOAD_TARGET_DEFAULT=1
Target: x86_64-linux-gnu
Configured with: ../src/configure -v --with-pkgversion='Ubuntu 7.2.0-8ubuntu3' --with-bugurl=file:///usr/share/doc/gcc-7/README.Bugs --enable-languages=c,ada,c++,go,brig,d,fortran,objc,obj-c++ --prefix=/usr --with-gcc-major-version-only --program-suffix=-7 --program-prefix=x86_64-linux-gnu- --enable-shared --enable-linker-build-id --libexecdir=/usr/lib --without-included-gettext --enable-threads=posix --libdir=/usr/lib --enable-nls --with-sysroot=/ --enable-clocale=gnu --enable-libstdcxx-debug --enable-libstdcxx-time=yes --with-default-libstdcxx-abi=new --enable-gnu-unique-object --disable-vtable-verify --enable-libmpx --enable-plugin --enable-default-pie --with-system-zlib --with-target-system-zlib --enable-objc-gc=auto --enable-multiarch --disable-werror --with-arch-32=i686 --with-abi=m64 --with-multilib-list=m32,m64,mx32 --enable-multilib --with-tune=generic --enable-offload-targets=nvptx-none --without-cuda-driver --enable-checking=release --build=x86_64-linux-gnu --host=x86_64-linux-gnu --target=x86_64-linux-gnu
Thread model: posix
gcc version 7.2.0 (Ubuntu 7.2.0-8ubuntu3) 
configure:3588: $? = 0
configure:3577: gcc -V >&5
gcc: error: unrecognized command line option '-V'
gcc: fatal error: no input files
compilation terminated.
configure:3588: $? = 1
configure:3577: gcc -qversion >&5
gcc: error: unrecognized command line option '-qversion'; did you mean '--version'?
gcc: fatal error: no input files
compilation terminated.
configure:3588: $? = 1
configure:3592: checking whether we are using the GNU C compiler
configure:3611: gcc -c   conftest.c >&5
configure:3611: $? = 0
configure:3620: result: yes
configure:3629: checking whether gcc accepts -g
configure:3649: gcc -c -g  conftest.c >&5
configure:3649: $? = 0
configure:3690: result: yes
configure:3707: checking for gcc option to accept ISO C89
configure:3770: gcc  -c -g -O2  conftest.c >&5
configure:3770: $? = 0
configure:3783: result: none needed
configure:3808: checking whether gcc understands -c and -o together
configure:3830: gcc -c conftest.c -o conftest2.o
configure:3833: $? = 0
configure:3830: gcc -c conftest.c -o conftest2.o
configure:3833: $? = 0
configure:3845: result: yes
configure:3864: checking dependency style of gcc
configure:3975: result: gcc3
configure:4000: checking how to run the C preprocessor
configure:4031: gcc -E  conftest.c
configure:4031: $? = 0
configure:4045: gcc -E  conftest.c
conftest.c:11:10: fatal error: ac_nonexistent.h: No such file or directory
 #include <ac_nonexistent.h>
          ^~~~~~~~~~~~~~~~~~
compilation terminated.
configure:4045: $? = 1
configure: failed program was:
| /* confdefs.h */
| #define PACKAGE_NAME "Progel"
| #define PACKAGE_TARNAME "progel"
| #define PACKAGE_VERSION "0.1"
| #define PACKAGE_STRING "Progel 0.1"
| #define PACKAGE_BUGREPORT "mpattanaik7@gmail.com"
| #define PACKAGE_URL ""
| #define PACKAGE "progel"
| #define VERSION "0.1"
| /* end confdefs.h.  */
| #include <ac_nonexistent.h>
configure:4070: result: gcc -E
configure:4090: gcc -E  conftest.c
configure:4090: $? = 0
configure:4104: gcc -E  conftest.c
conftest.c:11:10: fatal error: ac_nonexistent.h: No such file or directory
 #include <ac_nonexistent.h>
          ^~~~~~~~~~~~~~~~~~
compilation terminated.
configure:4104: $? = 1
configure: failed program was:
| /* confdefs.h */
| #define PACKAGE_NAME "Progel"
| #define PACKAGE_TARNAME "progel"
| #define PACKAGE_VERSION "0.1"
| #define PACKAGE_STRING "Progel 0.1"
| #define PACKAGE_BUGREPORT "mpattanaik7@gmail.com"
| #define PACKAGE_URL ""
| #define PACKAGE "progel"
| #define VERSION "0.1"
| /* end confdefs.h.  */
| #include <ac_nonexistent.h>
configure:4133: checking for grep that handles long lines and -e
configure:4191: result: /bin/grep
configure:4196: checking for egrep
configure:4258: result: /bin/grep -E
configure:4263: checking for ANSI C header files
configure:4283: gcc -c -g -O2  conftest.c >&5
configure:4283: $? = 0
configure:4356: gcc -o conftest -g -O2   conftest.c  >&5
configure:4356: $? = 0
configure:4356: ./conftest
configure:4356: $? = 0
configure:4367: result: yes
configure:4380: checking for sys/types.h
configure:4380: gcc -c -g -O2  conftest.c >&5
configure:4380: $? = 0
configure:4380: result: yes
configure:4380: checking for sys/stat.h
configure:4380: gcc -c -g -O2  conftest.c >&5
configure:4380: $? = 0
configure:4380: result: yes
configure:4380: checking for stdlib.h
configure:4380: gcc -c -g -O2  conftest.c >&5
configure:4380: $? = 0
configure:4380: result: yes
configure:4380: checking for string.h
configure:4380: gcc -c -g -O2  conftest.c >&5
configure:4380: $? = 0
configure:4380: result: yes
configure:4380: checking for memory.h
configure:4380: gcc -c -g -O2  conftest.c >&5
configure:4380: $? = 0
configure:4380: result: yes
configure:4380: checking for strings.h
configure:4380: gcc -c -g -O2  conftest.c >&5
configure:4380: $? = 0
configure:4380: result: yes
configure:4380: checking for inttypes.h
configure:4380: gcc -c -g -O2  conftest.c >&5
configure:4380: $? = 0
configure:4380: result: yes
configure:4380: checking for stdint.h
configure:4380: gcc -c -g -O2  conftest.c >&5
configure:4380: $? = 0
configure:4380: result: yes
configure:4380: checking for unistd.h
configure:4380: gcc -c -g -O2  conftest.c >&5
configure:4380: $? = 0
configure:4380: result: yes
configure:4394: checking for stdlib.h
configure:4394: result: yes
configure:4406: checking for stdbool.h that conforms to C99
configure:4473: gcc -c -g -O2  conftest.c >&5
configure:4473: $? = 0
configure:4480: result: yes
configure:4482: checking for _Bool
configure:4482: gcc -c -g -O2  conftest.c >&5
configure:4482: $? = 0
configure:4482: gcc -c -g -O2  conftest.c >&5
conftest.c: In function 'main':
conftest.c:58:20: error: expected expression before ')' token
 if (sizeof ((_Bool)))
                    ^
configure:4482: $? = 1
configure: failed program was:
| /* confdefs.h */
| #define PACKAGE_NAME "Progel"
| #define PACKAGE_TARNAME "progel"
| #define PACKAGE_VERSION "0.1"
| #define PACKAGE_STRING "Progel 0.1"
| #define PACKAGE_BUGREPORT "mpattanaik7@gmail.com"
| #define PACKAGE_URL ""
| #define PACKAGE "progel"
| #define VERSION "0.1"
| #define STDC_HEADERS 1
| #define HAVE_SYS_TYPES_H 1
| #define HAVE_SYS_STAT_H 1
| #define HAVE_STDLIB_H 1
| #define HAVE_STRING_H 1
| #define HAVE_MEMORY_H 1
| #define HAVE_STRINGS_H 1
| #define HAVE_INTTYPES_H 1
| #define HAVE_STDINT_H 1
| #define HAVE_UNISTD_H 1
| #define HAVE_STDLIB_H 1
| /* end confdefs.h.  */
| #include <stdio.h>
| #ifdef HAVE_SYS_TYPES_H
| # include <sys/types.h>
| #endif
| #ifdef HAVE_SYS_STAT_H
| # include <sys/stat.h>
| #endif
| #ifdef STDC_HEADERS
| # include <stdlib.h>
| # include <stddef.h>
| #else
| # ifdef HAVE_STDLIB_H
| #  include <stdlib.h>
| # endif
| #endif
| #ifdef HAVE_STRING_H
| # if !defined STDC_HEADERS && defined HAVE_MEMORY_H
| #  include <memory.h>
| # endif
| # include <string.h>
| #endif
| #ifdef HAVE_STRINGS_H
| # include <strings.h>
| #endif
| #ifdef HAVE_INTTYPES_H
| # include <inttypes.h>
| #endif
| #ifdef HAVE_STDINT_H
| # include <stdint.h>
| #endif
| #ifdef HAVE_UNISTD_H
| # include <unistd.h>
| #endif
| int
| main ()
| {
| if (sizeof ((_Bool)))
| 	    return 0;
|   ;
|   return 0;
| }
configure:4482: result: yes
configure:4643: checking that generated files are newer than configure
configure:4649: result: done
configure:4676: creating ./config.status

## ---------------------- ##
## Running config.status. ##
## ---------------------- ##

This file was extended by Progel config.status 0.1, which was
generated by GNU Autoconf 2.69.  Invocation command line was

  CONFIG_FILES    = 
  CONFIG_HEADERS  = 
  CONFIG_LINKS    = 
  CONFIG_COMMANDS = 
  $ ./config.status 

on pallavi-Inspiron-7520

config.status:783: creating Makefile
config.status:955: executing depfiles commands

## ---------------- ##
## Cache variables. ##
## ---------------- ##

ac_cv_c_compiler_gnu=yes
ac_cv_cxx_compiler_gnu=yes
ac_cv_env_CCC_set=
ac_cv_env_CCC_value=
ac_cv_env_CC_set=
ac_cv_env_CC_value=
ac_cv_env_CFLAGS_set=
ac_cv_env_CFLAGS_value=
ac_cv_env_CPPFLAGS_set=
ac_cv_env_CPPFLAGS_value=
ac_cv_env_CPP_set=
ac_cv_env_CPP_value=
ac_cv_env_CXXFLAGS_set=
ac_cv_env_CXXFLAGS_value=
ac_cv_env_CXX_set=
ac_cv_env_CXX_value=
ac_cv_env_LDFLAGS_set=
ac_cv_env_LDFLAGS_value=
ac_cv_env_LIBS_set=
ac_cv_env_LIBS_value=
ac_cv_env_build_alias_set=
ac_cv_env_build_alias_value=
ac_cv_env_host_alias_set=
ac_cv_env_host_alias_value=
ac_cv_env_target_alias_set=
ac_cv_env_target_alias_value=
ac_cv_header_inttypes_h=yes
ac_cv_header_memory_h=yes
ac_cv_header_stdbool_h=yes
ac_cv_header_stdc=yes
ac_cv_header_stdint_h=yes
ac_cv_header_stdlib_h=yes
ac_cv_header_string_h=yes
ac_cv_header_strings_h=yes
ac_cv_header_sys_stat_h=yes
ac_cv_header_sys_types_h=yes
ac_cv_header_unistd_h=yes
ac_cv_objext=o
ac_cv_path_EGREP='/bin/grep -E'
ac_cv_path_GREP=/bin/grep
ac_cv_path_install='/usr/bin/install -c'
ac_cv_path_mkdir=/bin/mkdir
ac_cv_prog_AWK=mawk
ac_cv_prog_CPP='gcc -E'
ac_cv_prog_ac_ct_CC=gcc
ac_cv_prog_ac_ct_CXX=g++
ac_cv_prog_cc_c89=
ac_cv_prog_cc_g=yes
ac_cv_prog_cxx_g=yes
ac_cv_prog_make_make_set=yes
ac_cv_type__Bool=yes
am_cv_CC_dependencies_compiler_type=gcc3
am_cv_CXX_dependencies_compiler_type=gcc3
am_cv_make_support_nested_variables=yes
am_cv_prog_cc_c_o=yes

## ----------------- ##
## Output variables. ##
## ----------------- ##

ACLOCAL='${SHELL} /home/pallavi/projects/Progel/missing aclocal-1.15'
AMDEPBACKSLASH='\'
AMDEP_FALSE='#'
AMDEP_TRUE=''
AMTAR='$${TAR-tar}'
AM_BACKSLASH='\'
AM_DEFAULT_V='$(AM_DEFAULT_VERBOSITY)'
AM_DEFAULT_VERBOSITY='1'
AM_V='$(V)'
AUTOCONF='${SHELL} /home/pallavi/projects/Progel/missing autoconf'
AUTOHEADER='${SHELL} /home/pallavi/projects/Progel/missing autoheader'
AUTOMAKE='${SHELL} /home/pallavi/projects/Progel/missing automake-1.15'
AWK='mawk'
CC='gcc'
CCDEPMODE='depmode=gcc3'
CFLAGS='-g -O2'
CPP='gcc -E'
CPPFLAGS=''
CXX='g++'
CXXDEPMODE='depmode=gcc3'
CXXFLAGS='-g -O2'
CYGPATH_W='echo'
DEFS='-DPACKAGE_NAME=\"Progel\" -DPACKAGE_TARNAME=\"progel\" -DPACKAGE_VERSION=\"0.1\" -DPACKAGE_STRING=\"Progel\ 0.1\" -DPACKAGE_BUGREPORT=\"mpattanaik7@gmail.com\" -DPACKAGE_URL=\"\" -DPACKAGE=\"progel\" -DVERSION=\"0.1\" -DSTDC_HEADERS=1 -DHAVE_SYS_TYPES_H=1 -DHAVE_SYS_STAT_H=1 -DHAVE_STDLIB_H=1 -DHAVE_STRING_H=1 -DHAVE_MEMORY_H=1 -DHAVE_STRINGS_H=1 -DHAVE_INTTYPES_H=1 -DHAVE_STDINT_H=1 -DHAVE_UNISTD_H=1 -DHAVE_STDLIB_H=1 -DHAVE__BOOL=1'
DEPDIR='.deps'
ECHO_C=''
ECHO_N='-n'
ECHO_T=''
EGREP='/bin/grep -E'
EXEEXT=''
GREP='/bin/grep'
INSTALL_DATA='${INSTALL} -m 644'
INSTALL_PROGRAM='${INSTALL}'
INSTALL_SCRIPT='${INSTALL}'
INSTALL_STRIP_PROGRAM='$(install_sh) -c -s'
LDFLAGS=''
LIBOBJS=''
LIBS=''
LTLIBOBJS=''
MAKEINFO='${SHELL} /home/pallavi/projects/Progel/missing makeinfo'
MKDIR_P='/bin/mkdir -p'
OBJEXT='o'
PACKAGE='progel'
PACKAGE_BUGREPORT='mpattanaik7@gmail.com'
PACKAGE_NAME='Progel'
PACKAGE_STRING='Progel 0.1'
PACKAGE_TARNAME='progel'
PACKAGE_URL=''
PACKAGE_VERSION='0.1'
PATH_SEPARATOR=':'
SET_MAKE=''
SHELL='/bin/bash'
STRIP=''
VERSION='0.1'
ac_ct_CC='gcc'
ac_ct_CXX='g++'
am__EXEEXT_FALSE=''
am__EXEEXT_TRUE='#'
am__fastdepCC_FALSE='#'
am__fastdepCC_TRUE=''
am__fastdepCXX_FALSE='#'
am__fastdepCXX_TRUE=''
am__include='include'
am__isrc=''
am__leading_dot='.'
am__nodep='_no'
am__quote=''
am__tar='$${TAR-tar} chof - "$$tardir"'
am__untar='$${TAR-tar} xf -'
bindir='${exec_prefix}/bin'
build_alias=''
datadir='${datarootdir}'
datarootdir='${prefix}/share'
docdir='${datarootdir}/doc/${PACKAGE_TARNAME}'
dvidir='${docdir}'
exec_prefix='${prefix}'
host_alias=''
htmldir='${docdir}'
includedir='${prefix}/include'
infodir='${datarootdir}/info'
install_sh='${SHELL} /home/pallavi/projects/Progel/install-sh'
libdir='${exec_prefix}/lib'
libexecdir='${exec_prefix}/libexec'
localedir='${datarootdir}/locale'
localstatedir='${prefix}/var'
mandir='${datarootdir}/man'
mkdir_p='$(MKDIR_P)'
oldincludedir='/usr/include'
pdfdir='${docdir}'
prefix='/usr/local'
program_transform_name='s,x,x,'
psdir='${docdir}'
runstatedir='${localstatedir}/run'
sbindir='${exec_prefix}/sbin'
sharedstatedir='${prefix}/com'
sysconfdir='${prefix}/etc'
target_alias=''

## ----------- ##
## confdefs.h. ##
## ----------- ##

/* confdefs.h */
#define PACKAGE_NAME "Progel"
#define PACKAGE_TARNAME "progel"
#define PACKAGE_VERSION "0.1"
#define PACKAGE_STRING "Progel 0.1"
#define PACKAGE_BUGREPORT "mpattanaik7@gmail.com"
#define PACKAGE_URL ""
#define PACKAGE "progel"
#define VERSION "0.1"
#define STDC_HEADERS 1
#define HAVE_SYS_TYPES_H 1
#define HAVE_SYS_STAT_H 1
#define HAVE_STDLIB_H 1
#define HAVE_STRING_H 1
#define HAVE_MEMORY_H 1
#define HAVE_STRINGS_H 1
#define HAVE_INTTYPES_H 1
#define HAVE_STDINT_H 1
#define HAVE_UNISTD_H 1
#define HAVE_STDLIB_H 1
#define HAVE__BOOL 1

configure: exit 0

## ---------------------- ##
## Running config.status. ##
## ---------------------- ##

This file was extended by Progel config.status 0.1, which was
generated by GNU Autoconf 2.69.  Invocation command line was

  CONFIG_FILES    = 
  CONFIG_HEADERS  = 
  CONFIG_LINKS    = 
  CONFIG_COMMANDS = 
  $ ./config.status Makefile depfiles

on pallavi-Inspiron-7520

config.status:783: creating Makefile
config.status:955: executing depfiles commands

## ---------------------- ##
## Running config.status. ##
## ---------------------- ##

This file was extended by Progel config.status 0.1, which was
generated by GNU Autoconf 2.69.  Invocation command line was

  CONFIG_FILES    = 
  CONFIG_HEADERS  = 
  CONFIG_LINKS    = 
  CONFIG_COMMANDS = 
  $ ./config.status Makefile depfiles

on pallavi-Inspiron-7520

config.status:783: creating Makefile
config.status:955: executing depfiles commands
